[0.485s] Invoking command in '/home/parallels/tb3_devspace/src/tb3_remote_control': DEBUGINFOD_URLS=https://debuginfod.ubuntu.com PYTHONPATH=/home/parallels/tb3_devspace/build/tb3_remote_control/prefix_override:/usr/lib/python3/dist-packages/colcon_core/task/python/colcon_distutils_commands:/home/parallels/tb3_devspace/install/tb3_remote_control/lib/python3.12/site-packages:${PYTHONPATH} /usr/bin/python3 -W ignore:setup.py install is deprecated -W ignore:easy_install command is deprecated setup.py egg_info --egg-base ../../build/tb3_remote_control build --build-base /home/parallels/tb3_devspace/build/tb3_remote_control/build install --record /home/parallels/tb3_devspace/build/tb3_remote_control/install.log --single-version-externally-managed install_data
[0.631s] running egg_info
[0.641s] writing ../../build/tb3_remote_control/tb3_remote_control.egg-info/PKG-INFO
[0.641s] writing dependency_links to ../../build/tb3_remote_control/tb3_remote_control.egg-info/dependency_links.txt
[0.641s] writing entry points to ../../build/tb3_remote_control/tb3_remote_control.egg-info/entry_points.txt
[0.641s] writing requirements to ../../build/tb3_remote_control/tb3_remote_control.egg-info/requires.txt
[0.641s] writing top-level names to ../../build/tb3_remote_control/tb3_remote_control.egg-info/top_level.txt
[0.661s] reading manifest file '../../build/tb3_remote_control/tb3_remote_control.egg-info/SOURCES.txt'
[0.662s] writing manifest file '../../build/tb3_remote_control/tb3_remote_control.egg-info/SOURCES.txt'
[0.662s] running build
[0.662s] running build_py
[0.662s] copying tb3_remote_control/drive_forward_10cm.py -> /home/parallels/tb3_devspace/build/tb3_remote_control/build/lib/tb3_remote_control
[0.664s] running install
[0.668s] running install_lib
[0.678s] copying /home/parallels/tb3_devspace/build/tb3_remote_control/build/lib/tb3_remote_control/drive_forward_10cm.py -> /home/parallels/tb3_devspace/install/tb3_remote_control/lib/python3.12/site-packages/tb3_remote_control
[0.678s] byte-compiling /home/parallels/tb3_devspace/install/tb3_remote_control/lib/python3.12/site-packages/tb3_remote_control/drive_forward_10cm.py to drive_forward_10cm.cpython-312.pyc
[0.679s] running install_data
[0.679s] running install_egg_info
[0.689s] removing '/home/parallels/tb3_devspace/install/tb3_remote_control/lib/python3.12/site-packages/tb3_remote_control-0.0.1-py3.12.egg-info' (and everything under it)
[0.689s] Copying ../../build/tb3_remote_control/tb3_remote_control.egg-info to /home/parallels/tb3_devspace/install/tb3_remote_control/lib/python3.12/site-packages/tb3_remote_control-0.0.1-py3.12.egg-info
[0.690s] running install_scripts
[0.779s] Installing drive_forward_10cm script to /home/parallels/tb3_devspace/install/tb3_remote_control/lib/tb3_remote_control
[0.779s] writing list of installed files to '/home/parallels/tb3_devspace/build/tb3_remote_control/install.log'
[0.801s] Invoked command in '/home/parallels/tb3_devspace/src/tb3_remote_control' returned '0': DEBUGINFOD_URLS=https://debuginfod.ubuntu.com PYTHONPATH=/home/parallels/tb3_devspace/build/tb3_remote_control/prefix_override:/usr/lib/python3/dist-packages/colcon_core/task/python/colcon_distutils_commands:/home/parallels/tb3_devspace/install/tb3_remote_control/lib/python3.12/site-packages:${PYTHONPATH} /usr/bin/python3 -W ignore:setup.py install is deprecated -W ignore:easy_install command is deprecated setup.py egg_info --egg-base ../../build/tb3_remote_control build --build-base /home/parallels/tb3_devspace/build/tb3_remote_control/build install --record /home/parallels/tb3_devspace/build/tb3_remote_control/install.log --single-version-externally-managed install_data
