[0.444s] Invoking command in '/home/parallels/tb3_devspace/src/tb3_remote_control': DEBUGINFOD_URLS=https://debuginfod.ubuntu.com PYTHONPATH=/home/parallels/tb3_devspace/build/tb3_remote_control/prefix_override:/usr/lib/python3/dist-packages/colcon_core/task/python/colcon_distutils_commands:/home/parallels/tb3_devspace/install/tb3_remote_control/lib/python3.12/site-packages:${PYTHONPATH} /usr/bin/python3 -W ignore:setup.py install is deprecated -W ignore:easy_install command is deprecated setup.py egg_info --egg-base ../../build/tb3_remote_control build --build-base /home/parallels/tb3_devspace/build/tb3_remote_control/build install --record /home/parallels/tb3_devspace/build/tb3_remote_control/install.log --single-version-externally-managed install_data
[0.569s] running egg_info
[0.569s] creating ../../build/tb3_remote_control/tb3_remote_control.egg-info
[0.577s] writing ../../build/tb3_remote_control/tb3_remote_control.egg-info/PKG-INFO
[0.577s] writing dependency_links to ../../build/tb3_remote_control/tb3_remote_control.egg-info/dependency_links.txt
[0.577s] writing entry points to ../../build/tb3_remote_control/tb3_remote_control.egg-info/entry_points.txt
[0.577s] writing requirements to ../../build/tb3_remote_control/tb3_remote_control.egg-info/requires.txt
[0.577s] writing top-level names to ../../build/tb3_remote_control/tb3_remote_control.egg-info/top_level.txt
[0.577s] writing manifest file '../../build/tb3_remote_control/tb3_remote_control.egg-info/SOURCES.txt'
[0.600s] reading manifest file '../../build/tb3_remote_control/tb3_remote_control.egg-info/SOURCES.txt'
[0.601s] writing manifest file '../../build/tb3_remote_control/tb3_remote_control.egg-info/SOURCES.txt'
[0.601s] running build
[0.601s] running build_py
[0.601s] creating /home/parallels/tb3_devspace/build/tb3_remote_control/build
[0.601s] creating /home/parallels/tb3_devspace/build/tb3_remote_control/build/lib
[0.601s] creating /home/parallels/tb3_devspace/build/tb3_remote_control/build/lib/tb3_remote_control
[0.601s] copying tb3_remote_control/drive_forward_10cm.py -> /home/parallels/tb3_devspace/build/tb3_remote_control/build/lib/tb3_remote_control
[0.601s] copying tb3_remote_control/__init__.py -> /home/parallels/tb3_devspace/build/tb3_remote_control/build/lib/tb3_remote_control
[0.601s] running install
[0.605s] running install_lib
[0.618s] creating /home/parallels/tb3_devspace/install/tb3_remote_control/lib/python3.12/site-packages/tb3_remote_control
[0.618s] copying /home/parallels/tb3_devspace/build/tb3_remote_control/build/lib/tb3_remote_control/drive_forward_10cm.py -> /home/parallels/tb3_devspace/install/tb3_remote_control/lib/python3.12/site-packages/tb3_remote_control
[0.618s] copying /home/parallels/tb3_devspace/build/tb3_remote_control/build/lib/tb3_remote_control/__init__.py -> /home/parallels/tb3_devspace/install/tb3_remote_control/lib/python3.12/site-packages/tb3_remote_control
[0.618s] byte-compiling /home/parallels/tb3_devspace/install/tb3_remote_control/lib/python3.12/site-packages/tb3_remote_control/drive_forward_10cm.py to drive_forward_10cm.cpython-312.pyc
[0.619s] byte-compiling /home/parallels/tb3_devspace/install/tb3_remote_control/lib/python3.12/site-packages/tb3_remote_control/__init__.py to __init__.cpython-312.pyc
[0.619s] running install_data
[0.619s] creating /home/parallels/tb3_devspace/install/tb3_remote_control/share/ament_index
[0.619s] creating /home/parallels/tb3_devspace/install/tb3_remote_control/share/ament_index/resource_index
[0.619s] creating /home/parallels/tb3_devspace/install/tb3_remote_control/share/ament_index/resource_index/packages
[0.619s] copying resource/tb3_remote_control -> /home/parallels/tb3_devspace/install/tb3_remote_control/share/ament_index/resource_index/packages
[0.619s] copying package.xml -> /home/parallels/tb3_devspace/install/tb3_remote_control/share/tb3_remote_control
[0.619s] creating /home/parallels/tb3_devspace/install/tb3_remote_control/share/tb3_remote_control/launch
[0.620s] copying launch/drive_forward.launch.py -> /home/parallels/tb3_devspace/install/tb3_remote_control/share/tb3_remote_control/launch
[0.620s] running install_egg_info
[0.631s] Copying ../../build/tb3_remote_control/tb3_remote_control.egg-info to /home/parallels/tb3_devspace/install/tb3_remote_control/lib/python3.12/site-packages/tb3_remote_control-0.0.1-py3.12.egg-info
[0.631s] running install_scripts
[0.705s] Installing drive_forward_10cm script to /home/parallels/tb3_devspace/install/tb3_remote_control/lib/tb3_remote_control
[0.708s] writing list of installed files to '/home/parallels/tb3_devspace/build/tb3_remote_control/install.log'
[0.725s] Invoked command in '/home/parallels/tb3_devspace/src/tb3_remote_control' returned '0': DEBUGINFOD_URLS=https://debuginfod.ubuntu.com PYTHONPATH=/home/parallels/tb3_devspace/build/tb3_remote_control/prefix_override:/usr/lib/python3/dist-packages/colcon_core/task/python/colcon_distutils_commands:/home/parallels/tb3_devspace/install/tb3_remote_control/lib/python3.12/site-packages:${PYTHONPATH} /usr/bin/python3 -W ignore:setup.py install is deprecated -W ignore:easy_install command is deprecated setup.py egg_info --egg-base ../../build/tb3_remote_control build --build-base /home/parallels/tb3_devspace/build/tb3_remote_control/build install --record /home/parallels/tb3_devspace/build/tb3_remote_control/install.log --single-version-externally-managed install_data
