[0.015s] Invoking command in '/home/ladefoged/Documents/3semester/ros2_ws/build/ld08_driver': CMAKE_PREFIX_PATH=${CMAKE_PREFIX_PATH}:/opt/ros/jazzy DEBUGINFOD_URLS=https://debuginfod.ubuntu.com /usr/bin/cmake --build /home/ladefoged/Documents/3semester/ros2_ws/build/ld08_driver -- -j16 -l16
[0.070s] [100%] Built target ld08_driver
[0.079s] Invoked command in '/home/ladefoged/Documents/3semester/ros2_ws/build/ld08_driver' returned '0': CMAKE_PREFIX_PATH=${CMAKE_PREFIX_PATH}:/opt/ros/jazzy DEBUGINFOD_URLS=https://debuginfod.ubuntu.com /usr/bin/cmake --build /home/ladefoged/Documents/3semester/ros2_ws/build/ld08_driver -- -j16 -l16
[0.087s] Invoking command in '/home/ladefoged/Documents/3semester/ros2_ws/build/ld08_driver': CMAKE_PREFIX_PATH=${CMAKE_PREFIX_PATH}:/opt/ros/jazzy DEBUGINFOD_URLS=https://debuginfod.ubuntu.com /usr/bin/cmake --install /home/ladefoged/Documents/3semester/ros2_ws/build/ld08_driver
[0.093s] -- Install configuration: ""
[0.094s] -- Execute custom install script
[0.094s] -- Up-to-date symlink: /home/ladefoged/Documents/3semester/ros2_ws/install/ld08_driver/share/ld08_driver/launch/ld08.launch.py
[0.094s] -- Up-to-date symlink: /home/ladefoged/Documents/3semester/ros2_ws/install/ld08_driver/lib/ld08_driver/ld08_driver
[0.094s] -- Up-to-date symlink: /home/ladefoged/Documents/3semester/ros2_ws/install/ld08_driver/share/ament_index/resource_index/package_run_dependencies/ld08_driver
[0.094s] -- Up-to-date symlink: /home/ladefoged/Documents/3semester/ros2_ws/install/ld08_driver/share/ament_index/resource_index/parent_prefix_path/ld08_driver
[0.094s] -- Up-to-date symlink: /home/ladefoged/Documents/3semester/ros2_ws/install/ld08_driver/share/ld08_driver/environment/ament_prefix_path.sh
[0.095s] -- Up-to-date symlink: /home/ladefoged/Documents/3semester/ros2_ws/install/ld08_driver/share/ld08_driver/environment/ament_prefix_path.dsv
[0.095s] -- Up-to-date symlink: /home/ladefoged/Documents/3semester/ros2_ws/install/ld08_driver/share/ld08_driver/environment/path.sh
[0.095s] -- Up-to-date symlink: /home/ladefoged/Documents/3semester/ros2_ws/install/ld08_driver/share/ld08_driver/environment/path.dsv
[0.095s] -- Up-to-date symlink: /home/ladefoged/Documents/3semester/ros2_ws/install/ld08_driver/share/ld08_driver/local_setup.bash
[0.095s] -- Up-to-date symlink: /home/ladefoged/Documents/3semester/ros2_ws/install/ld08_driver/share/ld08_driver/local_setup.sh
[0.095s] -- Up-to-date symlink: /home/ladefoged/Documents/3semester/ros2_ws/install/ld08_driver/share/ld08_driver/local_setup.zsh
[0.095s] -- Up-to-date symlink: /home/ladefoged/Documents/3semester/ros2_ws/install/ld08_driver/share/ld08_driver/local_setup.dsv
[0.095s] -- Symlinking: /home/ladefoged/Documents/3semester/ros2_ws/install/ld08_driver/share/ld08_driver/package.dsv
[0.106s] -- Up-to-date symlink: /home/ladefoged/Documents/3semester/ros2_ws/install/ld08_driver/share/ament_index/resource_index/packages/ld08_driver
[0.107s] -- Up-to-date symlink: /home/ladefoged/Documents/3semester/ros2_ws/install/ld08_driver/share/ld08_driver/cmake/ament_cmake_export_dependencies-extras.cmake
[0.107s] -- Up-to-date symlink: /home/ladefoged/Documents/3semester/ros2_ws/install/ld08_driver/share/ld08_driver/cmake/ament_cmake_export_include_directories-extras.cmake
[0.107s] -- Up-to-date symlink: /home/ladefoged/Documents/3semester/ros2_ws/install/ld08_driver/share/ld08_driver/cmake/ld08_driverConfig.cmake
[0.107s] -- Up-to-date symlink: /home/ladefoged/Documents/3semester/ros2_ws/install/ld08_driver/share/ld08_driver/cmake/ld08_driverConfig-version.cmake
[0.107s] -- Up-to-date symlink: /home/ladefoged/Documents/3semester/ros2_ws/install/ld08_driver/share/ld08_driver/package.xml
[0.110s] Invoked command in '/home/ladefoged/Documents/3semester/ros2_ws/build/ld08_driver' returned '0': CMAKE_PREFIX_PATH=${CMAKE_PREFIX_PATH}:/opt/ros/jazzy DEBUGINFOD_URLS=https://debuginfod.ubuntu.com /usr/bin/cmake --install /home/ladefoged/Documents/3semester/ros2_ws/build/ld08_driver
