[0.019s] Invoking command in '/home/ladefoged/Documents/3semester/ros2_ws/build/ld08_driver': CMAKE_PREFIX_PATH=${CMAKE_PREFIX_PATH}:/opt/ros/jazzy DEBUGINFOD_URLS=https://debuginfod.ubuntu.com /usr/bin/cmake /home/ladefoged/Documents/3semester/ros2_ws/src/ld08_driver -DAMENT_CMAKE_SYMLINK_INSTALL=1 -DCMAKE_INSTALL_PREFIX=/home/ladefoged/Documents/3semester/ros2_ws/install/ld08_driver
[0.033s] -- Found ament_cmake: 2.5.4 (/opt/ros/jazzy/share/ament_cmake/cmake)
[0.235s] -- Override CMake install command with custom implementation using symlinks instead of copying resources
[0.244s] -- Found rclcpp: 28.1.12 (/opt/ros/jazzy/share/rclcpp/cmake)
[0.269s] -- Found rosidl_generator_c: 4.6.6 (/opt/ros/jazzy/share/rosidl_generator_c/cmake)
[0.276s] -- Found rosidl_generator_cpp: 4.6.6 (/opt/ros/jazzy/share/rosidl_generator_cpp/cmake)
[0.283s] -- Using all available rosidl_typesupport_c: rosidl_typesupport_fastrtps_c;rosidl_typesupport_introspection_c
[0.291s] -- Using all available rosidl_typesupport_cpp: rosidl_typesupport_fastrtps_cpp;rosidl_typesupport_introspection_cpp
[0.336s] -- Found rmw_implementation_cmake: 7.3.2 (/opt/ros/jazzy/share/rmw_implementation_cmake/cmake)
[0.337s] -- Found rmw_fastrtps_cpp: 8.4.3 (/opt/ros/jazzy/share/rmw_fastrtps_cpp/cmake)
[0.402s] -- Using RMW implementation 'rmw_fastrtps_cpp' as default
[0.461s] -- Found sensor_msgs: 5.3.6 (/opt/ros/jazzy/share/sensor_msgs/cmake)
[0.595s] -- Configuring done (0.6s)
[0.607s] -- Generating done (0.0s)
[0.612s] -- Build files have been written to: /home/ladefoged/Documents/3semester/ros2_ws/build/ld08_driver
[0.621s] Invoked command in '/home/ladefoged/Documents/3semester/ros2_ws/build/ld08_driver' returned '0': CMAKE_PREFIX_PATH=${CMAKE_PREFIX_PATH}:/opt/ros/jazzy DEBUGINFOD_URLS=https://debuginfod.ubuntu.com /usr/bin/cmake /home/ladefoged/Documents/3semester/ros2_ws/src/ld08_driver -DAMENT_CMAKE_SYMLINK_INSTALL=1 -DCMAKE_INSTALL_PREFIX=/home/ladefoged/Documents/3semester/ros2_ws/install/ld08_driver
[0.623s] Invoking command in '/home/ladefoged/Documents/3semester/ros2_ws/build/ld08_driver': CMAKE_PREFIX_PATH=${CMAKE_PREFIX_PATH}:/opt/ros/jazzy DEBUGINFOD_URLS=https://debuginfod.ubuntu.com /usr/bin/cmake --build /home/ladefoged/Documents/3semester/ros2_ws/build/ld08_driver -- -j16 -l16
[0.701s] [ 16%] [32m[1mLinking CXX executable ld08_driver[0m
[0.911s] [100%] Built target ld08_driver
[0.936s] Invoked command in '/home/ladefoged/Documents/3semester/ros2_ws/build/ld08_driver' returned '0': CMAKE_PREFIX_PATH=${CMAKE_PREFIX_PATH}:/opt/ros/jazzy DEBUGINFOD_URLS=https://debuginfod.ubuntu.com /usr/bin/cmake --build /home/ladefoged/Documents/3semester/ros2_ws/build/ld08_driver -- -j16 -l16
[0.948s] Invoking command in '/home/ladefoged/Documents/3semester/ros2_ws/build/ld08_driver': CMAKE_PREFIX_PATH=${CMAKE_PREFIX_PATH}:/opt/ros/jazzy DEBUGINFOD_URLS=https://debuginfod.ubuntu.com /usr/bin/cmake --install /home/ladefoged/Documents/3semester/ros2_ws/build/ld08_driver
[0.955s] -- Install configuration: ""
[0.956s] -- Execute custom install script
[0.956s] -- Symlinking: /home/ladefoged/Documents/3semester/ros2_ws/install/ld08_driver/share/ld08_driver/launch/ld08.launch.py
[0.964s] -- Symlinking: /home/ladefoged/Documents/3semester/ros2_ws/install/ld08_driver/lib/ld08_driver/ld08_driver
[0.976s] -- Symlinking: /home/ladefoged/Documents/3semester/ros2_ws/install/ld08_driver/share/ament_index/resource_index/package_run_dependencies/ld08_driver
[0.984s] -- Symlinking: /home/ladefoged/Documents/3semester/ros2_ws/install/ld08_driver/share/ament_index/resource_index/parent_prefix_path/ld08_driver
[0.993s] -- Symlinking: /home/ladefoged/Documents/3semester/ros2_ws/install/ld08_driver/share/ld08_driver/environment/ament_prefix_path.sh
[1.003s] -- Symlinking: /home/ladefoged/Documents/3semester/ros2_ws/install/ld08_driver/share/ld08_driver/environment/ament_prefix_path.dsv
[1.018s] -- Symlinking: /home/ladefoged/Documents/3semester/ros2_ws/install/ld08_driver/share/ld08_driver/environment/path.sh
[1.026s] -- Symlinking: /home/ladefoged/Documents/3semester/ros2_ws/install/ld08_driver/share/ld08_driver/environment/path.dsv
[1.041s] -- Symlinking: /home/ladefoged/Documents/3semester/ros2_ws/install/ld08_driver/share/ld08_driver/local_setup.bash
[1.055s] -- Symlinking: /home/ladefoged/Documents/3semester/ros2_ws/install/ld08_driver/share/ld08_driver/local_setup.sh
[1.063s] -- Symlinking: /home/ladefoged/Documents/3semester/ros2_ws/install/ld08_driver/share/ld08_driver/local_setup.zsh
[1.074s] -- Symlinking: /home/ladefoged/Documents/3semester/ros2_ws/install/ld08_driver/share/ld08_driver/local_setup.dsv
[1.084s] -- Symlinking: /home/ladefoged/Documents/3semester/ros2_ws/install/ld08_driver/share/ld08_driver/package.dsv
[1.092s] -- Symlinking: /home/ladefoged/Documents/3semester/ros2_ws/install/ld08_driver/share/ament_index/resource_index/packages/ld08_driver
[1.102s] -- Symlinking: /home/ladefoged/Documents/3semester/ros2_ws/install/ld08_driver/share/ld08_driver/cmake/ament_cmake_export_dependencies-extras.cmake
[1.116s] -- Symlinking: /home/ladefoged/Documents/3semester/ros2_ws/install/ld08_driver/share/ld08_driver/cmake/ament_cmake_export_include_directories-extras.cmake
[1.135s] -- Symlinking: /home/ladefoged/Documents/3semester/ros2_ws/install/ld08_driver/share/ld08_driver/cmake/ld08_driverConfig.cmake
[1.152s] -- Symlinking: /home/ladefoged/Documents/3semester/ros2_ws/install/ld08_driver/share/ld08_driver/cmake/ld08_driverConfig-version.cmake
[1.169s] -- Symlinking: /home/ladefoged/Documents/3semester/ros2_ws/install/ld08_driver/share/ld08_driver/package.xml
[1.180s] Invoked command in '/home/ladefoged/Documents/3semester/ros2_ws/build/ld08_driver' returned '0': CMAKE_PREFIX_PATH=${CMAKE_PREFIX_PATH}:/opt/ros/jazzy DEBUGINFOD_URLS=https://debuginfod.ubuntu.com /usr/bin/cmake --install /home/ladefoged/Documents/3semester/ros2_ws/build/ld08_driver
