[0.477s] Invoking command in '/home/parallels/tb3_devspace/src/tb3_remote_control': DEBUGINFOD_URLS=https://debuginfod.ubuntu.com PYTHONPATH=/home/parallels/tb3_devspace/build/tb3_remote_control/prefix_override:/usr/lib/python3/dist-packages/colcon_core/task/python/colcon_distutils_commands:/home/parallels/tb3_devspace/install/tb3_remote_control/lib/python3.12/site-packages:${PYTHONPATH} /usr/bin/python3 -W ignore:setup.py install is deprecated -W ignore:easy_install command is deprecated setup.py egg_info --egg-base ../../build/tb3_remote_control build --build-base /home/parallels/tb3_devspace/build/tb3_remote_control/build install --record /home/parallels/tb3_devspace/build/tb3_remote_control/install.log --single-version-externally-managed install_data
[0.633s] running egg_info
[0.643s] writing ../../build/tb3_remote_control/tb3_remote_control.egg-info/PKG-INFO
[0.643s] writing dependency_links to ../../build/tb3_remote_control/tb3_remote_control.egg-info/dependency_links.txt
[0.643s] writing entry points to ../../build/tb3_remote_control/tb3_remote_control.egg-info/entry_points.txt
[0.643s] writing requirements to ../../build/tb3_remote_control/tb3_remote_control.egg-info/requires.txt
[0.644s] writing top-level names to ../../build/tb3_remote_control/tb3_remote_control.egg-info/top_level.txt
[0.663s] reading manifest file '../../build/tb3_remote_control/tb3_remote_control.egg-info/SOURCES.txt'
[0.663s] writing manifest file '../../build/tb3_remote_control/tb3_remote_control.egg-info/SOURCES.txt'
[0.664s] running build
[0.664s] running build_py
[0.664s] running install
[0.668s] running install_lib
[0.677s] running install_data
[0.677s] running install_egg_info
[0.687s] removing '/home/parallels/tb3_devspace/install/tb3_remote_control/lib/python3.12/site-packages/tb3_remote_control-0.0.1-py3.12.egg-info' (and everything under it)
[0.687s] Copying ../../build/tb3_remote_control/tb3_remote_control.egg-info to /home/parallels/tb3_devspace/install/tb3_remote_control/lib/python3.12/site-packages/tb3_remote_control-0.0.1-py3.12.egg-info
[0.688s] running install_scripts
[0.776s] Installing drive_forward_10cm script to /home/parallels/tb3_devspace/install/tb3_remote_control/lib/tb3_remote_control
[0.776s] writing list of installed files to '/home/parallels/tb3_devspace/build/tb3_remote_control/install.log'
[0.793s] Invoked command in '/home/parallels/tb3_devspace/src/tb3_remote_control' returned '0': DEBUGINFOD_URLS=https://debuginfod.ubuntu.com PYTHONPATH=/home/parallels/tb3_devspace/build/tb3_remote_control/prefix_override:/usr/lib/python3/dist-packages/colcon_core/task/python/colcon_distutils_commands:/home/parallels/tb3_devspace/install/tb3_remote_control/lib/python3.12/site-packages:${PYTHONPATH} /usr/bin/python3 -W ignore:setup.py install is deprecated -W ignore:easy_install command is deprecated setup.py egg_info --egg-base ../../build/tb3_remote_control build --build-base /home/parallels/tb3_devspace/build/tb3_remote_control/build install --record /home/parallels/tb3_devspace/build/tb3_remote_control/install.log --single-version-externally-managed install_data
