[0.460s] Invoking command in '/home/parallels/tb3_devspace/src/tb3_remote_control': DEBUGINFOD_URLS=https://debuginfod.ubuntu.com PYTHONPATH=/home/parallels/tb3_devspace/build/tb3_remote_control/prefix_override:/usr/lib/python3/dist-packages/colcon_core/task/python/colcon_distutils_commands:/home/parallels/tb3_devspace/install/tb3_remote_control/lib/python3.12/site-packages:${PYTHONPATH} /usr/bin/python3 -W ignore:setup.py install is deprecated -W ignore:easy_install command is deprecated setup.py egg_info --egg-base ../../build/tb3_remote_control build --build-base /home/parallels/tb3_devspace/build/tb3_remote_control/build install --record /home/parallels/tb3_devspace/build/tb3_remote_control/install.log --single-version-externally-managed install_data
[0.611s] running egg_info
[0.621s] writing ../../build/tb3_remote_control/tb3_remote_control.egg-info/PKG-INFO
[0.621s] writing dependency_links to ../../build/tb3_remote_control/tb3_remote_control.egg-info/dependency_links.txt
[0.621s] writing entry points to ../../build/tb3_remote_control/tb3_remote_control.egg-info/entry_points.txt
[0.621s] writing requirements to ../../build/tb3_remote_control/tb3_remote_control.egg-info/requires.txt
[0.621s] writing top-level names to ../../build/tb3_remote_control/tb3_remote_control.egg-info/top_level.txt
[0.641s] reading manifest file '../../build/tb3_remote_control/tb3_remote_control.egg-info/SOURCES.txt'
[0.642s] writing manifest file '../../build/tb3_remote_control/tb3_remote_control.egg-info/SOURCES.txt'
[0.642s] running build
[0.642s] running build_py
[0.642s] copying tb3_remote_control/drive_forward_10cm.py -> /home/parallels/tb3_devspace/build/tb3_remote_control/build/lib/tb3_remote_control
[0.642s] running install
[0.647s] running install_lib
[0.656s] copying /home/parallels/tb3_devspace/build/tb3_remote_control/build/lib/tb3_remote_control/drive_forward_10cm.py -> /home/parallels/tb3_devspace/install/tb3_remote_control/lib/python3.12/site-packages/tb3_remote_control
[0.657s] byte-compiling /home/parallels/tb3_devspace/install/tb3_remote_control/lib/python3.12/site-packages/tb3_remote_control/drive_forward_10cm.py to drive_forward_10cm.cpython-312.pyc
[0.658s] running install_data
[0.658s] running install_egg_info
[0.668s] removing '/home/parallels/tb3_devspace/install/tb3_remote_control/lib/python3.12/site-packages/tb3_remote_control-0.0.1-py3.12.egg-info' (and everything under it)
[0.668s] Copying ../../build/tb3_remote_control/tb3_remote_control.egg-info to /home/parallels/tb3_devspace/install/tb3_remote_control/lib/python3.12/site-packages/tb3_remote_control-0.0.1-py3.12.egg-info
[0.669s] running install_scripts
[0.744s] Installing drive_forward_10cm script to /home/parallels/tb3_devspace/install/tb3_remote_control/lib/tb3_remote_control
[0.745s] writing list of installed files to '/home/parallels/tb3_devspace/build/tb3_remote_control/install.log'
[0.766s] Invoked command in '/home/parallels/tb3_devspace/src/tb3_remote_control' returned '0': DEBUGINFOD_URLS=https://debuginfod.ubuntu.com PYTHONPATH=/home/parallels/tb3_devspace/build/tb3_remote_control/prefix_override:/usr/lib/python3/dist-packages/colcon_core/task/python/colcon_distutils_commands:/home/parallels/tb3_devspace/install/tb3_remote_control/lib/python3.12/site-packages:${PYTHONPATH} /usr/bin/python3 -W ignore:setup.py install is deprecated -W ignore:easy_install command is deprecated setup.py egg_info --egg-base ../../build/tb3_remote_control build --build-base /home/parallels/tb3_devspace/build/tb3_remote_control/build install --record /home/parallels/tb3_devspace/build/tb3_remote_control/install.log --single-version-externally-managed install_data
