-- The C compiler identification is GNU 13.3.0
-- The CXX compiler identification is GNU 13.3.0
-- Detecting C compiler ABI info
-- Detecting C compiler ABI info - done
-- Check for working C compiler: /usr/bin/cc - skipped
-- Detecting C compile features
-- Detecting C compile features - done
-- Detecting CXX compiler ABI info
-- Detecting CXX compiler ABI info - done
-- Check for working CXX compiler: /usr/bin/c++ - skipped
-- Detecting CXX compile features
-- Detecting CXX compile features - done
-- Found ament_cmake: 2.5.4 (/opt/ros/jazzy/share/ament_cmake/cmake)
-- Found Python3: /usr/bin/python3 (found version "3.12.3") found components: Interpreter 
-- Configuring done (0.8s)
-- Generating done (0.0s)
[33mCMake Warning:
  Manually-specified variables were not used by the project:

    CATKIN_INSTALL_INTO_PREFIX_ROOT
    CATKIN_SYMLINK_INSTALL

[0m
-- Build files have been written to: /home/ladefoged/Documents/3semester/ros2_ws/build/ld08_cartographer_demo
-- Install configuration: ""
-- Installing: /home/ladefoged/Documents/3semester/ros2_ws/install/ld08_cartographer_demo/share/ld08_cartographer_demo/launch
-- Installing: /home/ladefoged/Documents/3semester/ros2_ws/install/ld08_cartographer_demo/share/ament_index/resource_index/package_run_dependencies/ld08_cartographer_demo
-- Installing: /home/ladefoged/Documents/3semester/ros2_ws/install/ld08_cartographer_demo/share/ament_index/resource_index/parent_prefix_path/ld08_cartographer_demo
-- Installing: /home/ladefoged/Documents/3semester/ros2_ws/install/ld08_cartographer_demo/share/ld08_cartographer_demo/environment/ament_prefix_path.sh
-- Installing: /home/ladefoged/Documents/3semester/ros2_ws/install/ld08_cartographer_demo/share/ld08_cartographer_demo/environment/ament_prefix_path.dsv
-- Installing: /home/ladefoged/Documents/3semester/ros2_ws/install/ld08_cartographer_demo/share/ld08_cartographer_demo/environment/path.sh
-- Installing: /home/ladefoged/Documents/3semester/ros2_ws/install/ld08_cartographer_demo/share/ld08_cartographer_demo/environment/path.dsv
-- Installing: /home/ladefoged/Documents/3semester/ros2_ws/install/ld08_cartographer_demo/share/ld08_cartographer_demo/local_setup.bash
-- Installing: /home/ladefoged/Documents/3semester/ros2_ws/install/ld08_cartographer_demo/share/ld08_cartographer_demo/local_setup.sh
-- Installing: /home/ladefoged/Documents/3semester/ros2_ws/install/ld08_cartographer_demo/share/ld08_cartographer_demo/local_setup.zsh
-- Installing: /home/ladefoged/Documents/3semester/ros2_ws/install/ld08_cartographer_demo/share/ld08_cartographer_demo/local_setup.dsv
-- Installing: /home/ladefoged/Documents/3semester/ros2_ws/install/ld08_cartographer_demo/share/ld08_cartographer_demo/package.dsv
-- Installing: /home/ladefoged/Documents/3semester/ros2_ws/install/ld08_cartographer_demo/share/ament_index/resource_index/packages/ld08_cartographer_demo
-- Installing: /home/ladefoged/Documents/3semester/ros2_ws/install/ld08_cartographer_demo/share/ld08_cartographer_demo/cmake/ld08_cartographer_demoConfig.cmake
-- Installing: /home/ladefoged/Documents/3semester/ros2_ws/install/ld08_cartographer_demo/share/ld08_cartographer_demo/cmake/ld08_cartographer_demoConfig-version.cmake
-- Installing: /home/ladefoged/Documents/3semester/ros2_ws/install/ld08_cartographer_demo/share/ld08_cartographer_demo/package.xml
