[0.011s] Invoking command in '/home/ladefoged/Documents/3semester/ros2_ws/build/ld08_cartographer_demo': DEBUGINFOD_URLS=https://debuginfod.ubuntu.com /usr/bin/cmake /home/ladefoged/Documents/3semester/ros2_ws/src/ld08_cartographer_demo -DCATKIN_INSTALL_INTO_PREFIX_ROOT=0 -DCATKIN_SYMLINK_INSTALL=ON -DCMAKE_INSTALL_PREFIX=/home/ladefoged/Documents/3semester/ros2_ws/install/ld08_cartographer_demo
[0.077s] -- The C compiler identification is GNU 13.3.0
[0.144s] -- The CXX compiler identification is GNU 13.3.0
[0.160s] -- Detecting C compiler ABI info
[0.262s] -- Detecting C compiler ABI info - done
[0.268s] -- Check for working C compiler: /usr/bin/cc - skipped
[0.268s] -- Detecting C compile features
[0.269s] -- Detecting C compile features - done
[0.277s] -- Detecting CXX compiler ABI info
[0.384s] -- Detecting CXX compiler ABI info - done
[0.392s] -- Check for working CXX compiler: /usr/bin/c++ - skipped
[0.392s] -- Detecting CXX compile features
[0.392s] -- Detecting CXX compile features - done
[0.395s] -- Found ament_cmake: 2.5.4 (/opt/ros/jazzy/share/ament_cmake/cmake)
[0.601s] -- Found Python3: /usr/bin/python3 (found version "3.12.3") found components: Interpreter 
[0.780s] -- Configuring done (0.8s)
[0.783s] -- Generating done (0.0s)
[0.783s] [33mCMake Warning:
[0.783s]   Manually-specified variables were not used by the project:
[0.783s] 
[0.783s]     CATKIN_INSTALL_INTO_PREFIX_ROOT
[0.783s]     CATKIN_SYMLINK_INSTALL
[0.783s] 
[0.784s] [0m
[0.784s] -- Build files have been written to: /home/ladefoged/Documents/3semester/ros2_ws/build/ld08_cartographer_demo
[0.790s] Invoked command in '/home/ladefoged/Documents/3semester/ros2_ws/build/ld08_cartographer_demo' returned '0': DEBUGINFOD_URLS=https://debuginfod.ubuntu.com /usr/bin/cmake /home/ladefoged/Documents/3semester/ros2_ws/src/ld08_cartographer_demo -DCATKIN_INSTALL_INTO_PREFIX_ROOT=0 -DCATKIN_SYMLINK_INSTALL=ON -DCMAKE_INSTALL_PREFIX=/home/ladefoged/Documents/3semester/ros2_ws/install/ld08_cartographer_demo
[0.791s] Invoking command in '/home/ladefoged/Documents/3semester/ros2_ws/build/ld08_cartographer_demo': DEBUGINFOD_URLS=https://debuginfod.ubuntu.com /usr/bin/cmake --build /home/ladefoged/Documents/3semester/ros2_ws/build/ld08_cartographer_demo -- -j16 -l16
[0.844s] Invoked command in '/home/ladefoged/Documents/3semester/ros2_ws/build/ld08_cartographer_demo' returned '0': DEBUGINFOD_URLS=https://debuginfod.ubuntu.com /usr/bin/cmake --build /home/ladefoged/Documents/3semester/ros2_ws/build/ld08_cartographer_demo -- -j16 -l16
[0.845s] Invoking command in '/home/ladefoged/Documents/3semester/ros2_ws/build/ld08_cartographer_demo': DEBUGINFOD_URLS=https://debuginfod.ubuntu.com /usr/bin/cmake --install /home/ladefoged/Documents/3semester/ros2_ws/build/ld08_cartographer_demo
[0.852s] -- Install configuration: ""
[0.852s] -- Installing: /home/ladefoged/Documents/3semester/ros2_ws/install/ld08_cartographer_demo/share/ld08_cartographer_demo/launch
[0.852s] -- Installing: /home/ladefoged/Documents/3semester/ros2_ws/install/ld08_cartographer_demo/share/ament_index/resource_index/package_run_dependencies/ld08_cartographer_demo
[0.852s] -- Installing: /home/ladefoged/Documents/3semester/ros2_ws/install/ld08_cartographer_demo/share/ament_index/resource_index/parent_prefix_path/ld08_cartographer_demo
[0.852s] -- Installing: /home/ladefoged/Documents/3semester/ros2_ws/install/ld08_cartographer_demo/share/ld08_cartographer_demo/environment/ament_prefix_path.sh
[0.852s] -- Installing: /home/ladefoged/Documents/3semester/ros2_ws/install/ld08_cartographer_demo/share/ld08_cartographer_demo/environment/ament_prefix_path.dsv
[0.853s] -- Installing: /home/ladefoged/Documents/3semester/ros2_ws/install/ld08_cartographer_demo/share/ld08_cartographer_demo/environment/path.sh
[0.853s] -- Installing: /home/ladefoged/Documents/3semester/ros2_ws/install/ld08_cartographer_demo/share/ld08_cartographer_demo/environment/path.dsv
[0.853s] -- Installing: /home/ladefoged/Documents/3semester/ros2_ws/install/ld08_cartographer_demo/share/ld08_cartographer_demo/local_setup.bash
[0.853s] -- Installing: /home/ladefoged/Documents/3semester/ros2_ws/install/ld08_cartographer_demo/share/ld08_cartographer_demo/local_setup.sh
[0.853s] -- Installing: /home/ladefoged/Documents/3semester/ros2_ws/install/ld08_cartographer_demo/share/ld08_cartographer_demo/local_setup.zsh
[0.853s] -- Installing: /home/ladefoged/Documents/3semester/ros2_ws/install/ld08_cartographer_demo/share/ld08_cartographer_demo/local_setup.dsv
[0.853s] -- Installing: /home/ladefoged/Documents/3semester/ros2_ws/install/ld08_cartographer_demo/share/ld08_cartographer_demo/package.dsv
[0.853s] -- Installing: /home/ladefoged/Documents/3semester/ros2_ws/install/ld08_cartographer_demo/share/ament_index/resource_index/packages/ld08_cartographer_demo
[0.853s] -- Installing: /home/ladefoged/Documents/3semester/ros2_ws/install/ld08_cartographer_demo/share/ld08_cartographer_demo/cmake/ld08_cartographer_demoConfig.cmake
[0.853s] -- Installing: /home/ladefoged/Documents/3semester/ros2_ws/install/ld08_cartographer_demo/share/ld08_cartographer_demo/cmake/ld08_cartographer_demoConfig-version.cmake
[0.853s] -- Installing: /home/ladefoged/Documents/3semester/ros2_ws/install/ld08_cartographer_demo/share/ld08_cartographer_demo/package.xml
[0.855s] Invoked command in '/home/ladefoged/Documents/3semester/ros2_ws/build/ld08_cartographer_demo' returned '0': DEBUGINFOD_URLS=https://debuginfod.ubuntu.com /usr/bin/cmake --install /home/ladefoged/Documents/3semester/ros2_ws/build/ld08_cartographer_demo
